<?xml version="1.0" encoding="UTF-8" ?>
<testsuite failures="0" time="0.069" errors="0" skipped="0" tests="9" name="ohtu.intjoukkosovellus.IntJoukkoKaksiparametrisellaKonstruktorillaTest">
  <properties>
[...]
</properties>
  <testcase time="0.013" classname="ohtu.intjoukkosovellus.IntJoukkoKaksiparametrisellaKonstruktorillaTest" name="luonnissaEiSallitaNegatiivisiaArvoja"/>
  <testcase time="0" classname="ohtu.intjoukkosovellus.IntJoukkoKaksiparametrisellaKonstruktorillaTest" name="lukujaLisattyMaara"/>
  <testcase time="0" classname="ohtu.intjoukkosovellus.IntJoukkoKaksiparametrisellaKonstruktorillaTest" name="samaLukuMeneeJoukkoonVaanKerran"/>
  <testcase time="0" classname="ohtu.intjoukkosovellus.IntJoukkoKaksiparametrisellaKonstruktorillaTest" name="vainLisatytLuvutLoytyvat"/>
  <testcase time="0.001" classname="ohtu.intjoukkosovellus.IntJoukkoKaksiparametrisellaKonstruktorillaTest" name="poistettuEiOleEnaaJoukossa"/>
  <testcase time="0.002" classname="ohtu.intjoukkosovellus.IntJoukkoKaksiparametrisellaKonstruktorillaTest" name="palautetaanOikeaTaulukko"/>
  <testcase time="0.001" classname="ohtu.intjoukkosovellus.IntJoukkoKaksiparametrisellaKonstruktorillaTest" name="toimiiKasvatuksenJalkeen"/>
  <testcase time="0" classname="ohtu.intjoukkosovellus.IntJoukkoKaksiparametrisellaKonstruktorillaTest" name="poisto"/>
  <testcase time="0.001" classname="ohtu.intjoukkosovellus.IntJoukkoKaksiparametrisellaKonstruktorillaTest" name="toStringToimii"/>
</testsuite>