<?xml version="1.0" encoding="UTF-8" ?>
<testsuite failures="0" time="0.016" errors="0" skipped="0" tests="4" name="com.mycompany.ohmawebkauppa.sovelluslogiikka.ohjaus.OstoksenSuoritusTest">
  <properties>
[...]
</properties>
  <testcase time="0.011" classname="com.mycompany.ohmawebkauppa.sovelluslogiikka.ohjaus.OstoksenSuoritusTest" name="josMaksuOnnistuuKoriTyhjenee"/>
  <testcase time="0" classname="com.mycompany.ohmawebkauppa.sovelluslogiikka.ohjaus.OstoksenSuoritusTest" name="josMaksuOnnistuuPankinRajapintaaKaytetty"/>
  <testcase time="0" classname="com.mycompany.ohmawebkauppa.sovelluslogiikka.ohjaus.OstoksenSuoritusTest" name="josMaksuOnnistuuToiRajmituksenapintaaKaytetty"/>
  <testcase time="0" classname="com.mycompany.ohmawebkauppa.sovelluslogiikka.ohjaus.OstoksenSuoritusTest" name="josPankkiEiHyvaksyMaksuaPalautetaanFalseToimitustaEiTehda"/>
</testsuite>