<div class="story">
<h1></h1>
<div class="path">com/mycompany/webkauppa/scenarios/hallintasivulla_voi_muuttaa_tuotteen_hintaa_ja_saldoa_scenarios.story</div>
<div class="scenario">
<h2>Scenario: price of a item can be changed</h2>
<div class="step successful">Given you are at page <span class="step parameter">Hallinta</span></div>
<div class="step failed">When you change price of <span class="step parameter">Fink Br&#65533;&#65533;u</span> to <span class="step parameter">2</span> <span class="keyword failed">(FAILED)</span><br/><span class="message failed">org.openqa.selenium.NoSuchElementException: Unable to locate element with ID: Fink Br&#65533;&#65533;u
For documentation on this error, please visit: http://seleniumhq.org/exceptions/no_such_element.html
Build info: version: '2.6.0', revision: '13840', time: '2011-09-13 16:51:41'
System info: os.name: 'Mac OS X', os.arch: 'x86_64', os.version: '10.7.5', java.version: '1.7.0_06'
Driver info: driver.version: HtmlUnitDriver</span></div>
<div class="step notPerformed">Then the price of <span class="step parameter">Fink Br&#65533;&#65533;u</span> is shown to be <span class="step parameter">2</span> <span class="keyword notPerformed">(NOT PERFORMED)</span></div>
</div>
</div>
